<?xml version="1.0" encoding="UTF-8" ?>
<testsuite tests="18" failures="7" name="TestSuite" time="2.272" errors="0" skipped="11">
  <properties>
[...]
</properties>
  <testcase classname="com.SeleniumTest.Automation.LocatorsTest" name="tearUp" time="2.237">
    <failure message="The path to the driver executable Unable to locate the chromedriver executable; for more information on how to install drivers, see https://www.selenium.dev/documentation/webdriver/getting_started/install_drivers/" type="java.lang.IllegalStateException">java.lang.IllegalStateException: The path to the driver executable Unable to locate the chromedriver executable; for more information on how to install drivers, see https://www.selenium.dev/documentation/webdriver/getting_started/install_drivers/
	at org.openqa.selenium.internal.Require$StateChecker.nonNull(Require.java:314)
	at org.openqa.selenium.remote.service.DriverFinder.getPath(DriverFinder.java:33)
	at org.openqa.selenium.chrome.ChromeDriver.generateExecutor(ChromeDriver.java:98)
	at org.openqa.selenium.chrome.ChromeDriver.&lt;init&gt;(ChromeDriver.java:88)
	at org.openqa.selenium.chrome.ChromeDriver.&lt;init&gt;(ChromeDriver.java:84)
	at org.openqa.selenium.chrome.ChromeDriver.&lt;init&gt;(ChromeDriver.java:73)
	at com.SeleniumTest.Automation.LocatorsTest.tearUp(LocatorsTest.java:39)
</failure>
    <system-out>Configuring TestNG with: org.apache.maven.surefire.testng.conf.TestNG652Configurator@36d4b5c
</system-out>
    <system-err>SLF4J: Failed to load class &quot;org.slf4j.impl.StaticLoggerBinder&quot;.
SLF4J: Defaulting to no-operation (NOP) logger implementation
SLF4J: See http://www.slf4j.org/codes.html#StaticLoggerBinder for further details.
May 28, 2024 9:16:22 PM org.openqa.selenium.remote.service.DriverFinder getPath
WARNING: Unable to obtain chromedriver using Selenium Manager: Unsuccessful command executed: [C:\Users\zaman\AppData\Local\Temp\selenium-manager2336208540640013814463449165510372\selenium-manager.exe, --browser, chrome, --output, json]
The chromedriver version cannot be discovered
Build info: version: &apos;4.9.0&apos;, revision: &apos;d7057100a6&apos;
System info: os.name: &apos;Windows 11&apos;, os.arch: &apos;amd64&apos;, os.version: &apos;10.0&apos;, java.version: &apos;20.0.2&apos;
Driver info: driver.version: ChromeDriver
</system-err>
  </testcase>
  <testcase classname="com.SeleniumTest.Automation.LocatorsTest" name="alrtHndl" time="0">
    <skipped/>
  </testcase>
  <testcase classname="com.SeleniumTest.Automation.LocatorsTest" name="tearUp" time="0.001">
    <skipped/>
  </testcase>
  <testcase classname="com.SeleniumTest.Automation.LocatorsTest" name="lgn" time="0">
    <skipped/>
  </testcase>
  <testcase classname="com.SeleniumTest.Automation.LocatorsTest" name="tearUp" time="0.001">
    <skipped/>
  </testcase>
  <testcase classname="com.SeleniumTest.Automation.LocatorsTest" name="locatorsTest" time="0">
    <skipped/>
  </testcase>
  <testcase classname="com.SeleniumTest.Automation.LocatorsTest" name="tearUp" time="0.001">
    <skipped/>
  </testcase>
  <testcase classname="com.SeleniumTest.Automation.LocatorsTest" name="multiPleWindows" time="0">
    <skipped/>
  </testcase>
  <testcase classname="com.SeleniumTest.Automation.LocatorsTest" name="tearUp" time="0.001">
    <skipped/>
  </testcase>
  <testcase classname="com.SeleniumTest.Automation.LocatorsTest" name="windowHndl" time="0">
    <skipped/>
  </testcase>
  <testcase classname="com.SeleniumTest.Automation.LocatorsTest" name="tearUp" time="0">
    <skipped/>
  </testcase>
  <testcase classname="com.SeleniumTest.Automation.LocatorsTest" name="hoverOvers" time="0">
    <skipped/>
  </testcase>
  <testcase classname="com.SeleniumTest.Automation.TestNG_DP" name="dataTable" time="0.007">
    <failure message="The driver executable must exist: C:\MY_WORKS\Framework\Drivers\chromedriver.exe" type="java.lang.IllegalStateException">java.lang.IllegalStateException: The driver executable must exist: C:\MY_WORKS\Framework\Drivers\chromedriver.exe
	at org.openqa.selenium.internal.Require$FileStateChecker.isFile(Require.java:345)
	at org.openqa.selenium.remote.service.DriverFinder.getPath(DriverFinder.java:39)
	at org.openqa.selenium.chrome.ChromeDriver.generateExecutor(ChromeDriver.java:98)
	at org.openqa.selenium.chrome.ChromeDriver.&lt;init&gt;(ChromeDriver.java:88)
	at org.openqa.selenium.chrome.ChromeDriver.&lt;init&gt;(ChromeDriver.java:84)
	at org.openqa.selenium.chrome.ChromeDriver.&lt;init&gt;(ChromeDriver.java:52)
	at com.SeleniumTest.Automation.TestNG_DP.dataTable(TestNG_DP.java:50)
</failure>
  </testcase>
  <testcase classname="com.SeleniumTest.Automation.TestNG_DP" name="dpTest" time="0.011">
    <failure message="
[public void com.SeleniumTest.Automation.TestNG_DP.dpTest(int,int)] has no parameters defined but was found to be using a data provider (either explicitly specified or inherited from class level annotation).
Data provider mismatch
Method: dpTest([int arg0, int arg1])
Arguments: [(java.lang.Integer) 1,(java.lang.Integer) 2,(java.lang.Integer) 3]" type="org.testng.internal.reflect.MethodMatcherException">org.testng.internal.reflect.MethodMatcherException: 
[public void com.SeleniumTest.Automation.TestNG_DP.dpTest(int,int)] has no parameters defined but was found to be using a data provider (either explicitly specified or inherited from class level annotation).
Data provider mismatch
Method: dpTest([int arg0, int arg1])
Arguments: [(java.lang.Integer) 1,(java.lang.Integer) 2,(java.lang.Integer) 3]
	at org.testng.internal.reflect.DataProviderMethodMatcher.getConformingArguments(DataProviderMethodMatcher.java:46)
	at org.testng.internal.Parameters.injectParameters(Parameters.java:909)
	at org.testng.internal.invokers.MethodRunner.runInSequence(MethodRunner.java:37)
	at org.testng.internal.invokers.TestInvoker$MethodInvocationAgent.invoke(TestInvoker.java:969)
	at org.testng.internal.invokers.TestInvoker.invokeTestMethods(TestInvoker.java:194)
	at org.testng.internal.invokers.TestMethodWorker.invokeTestMethods(TestMethodWorker.java:148)
	at org.testng.internal.invokers.TestMethodWorker.run(TestMethodWorker.java:128)
	at java.base/java.util.ArrayList.forEach(ArrayList.java:1511)
	at org.testng.TestRunner.privateRun(TestRunner.java:829)
	at org.testng.TestRunner.run(TestRunner.java:602)
	at org.testng.SuiteRunner.runTest(SuiteRunner.java:437)
	at org.testng.SuiteRunner.runSequentially(SuiteRunner.java:431)
	at org.testng.SuiteRunner.privateRun(SuiteRunner.java:391)
	at org.testng.SuiteRunner.run(SuiteRunner.java:330)
	at org.testng.SuiteRunnerWorker.runSuite(SuiteRunnerWorker.java:52)
	at org.testng.SuiteRunnerWorker.run(SuiteRunnerWorker.java:95)
	at org.testng.TestNG.runSuitesSequentially(TestNG.java:1256)
	at org.testng.TestNG.runSuitesLocally(TestNG.java:1176)
	at org.testng.TestNG.runSuites(TestNG.java:1099)
	at org.testng.TestNG.run(TestNG.java:1067)
	at org.apache.maven.surefire.testng.TestNGExecutor.run(TestNGExecutor.java:77)
	at org.apache.maven.surefire.testng.TestNGDirectoryTestSuite.executeMulti(TestNGDirectoryTestSuite.java:159)
	at org.apache.maven.surefire.testng.TestNGDirectoryTestSuite.execute(TestNGDirectoryTestSuite.java:99)
	at org.apache.maven.surefire.testng.TestNGProvider.invoke(TestNGProvider.java:106)
	at java.base/jdk.internal.reflect.DirectMethodHandleAccessor.invoke(DirectMethodHandleAccessor.java:104)
	at java.base/java.lang.reflect.Method.invoke(Method.java:578)
	at org.apache.maven.surefire.util.ReflectionUtils.invokeMethodWithArray(ReflectionUtils.java:189)
	at org.apache.maven.surefire.booter.ProviderFactory$ProviderProxy.invoke(ProviderFactory.java:165)
	at org.apache.maven.surefire.booter.ProviderFactory.invokeProvider(ProviderFactory.java:85)
	at org.apache.maven.surefire.booter.ForkedBooter.runSuitesInProcess(ForkedBooter.java:115)
	at org.apache.maven.surefire.booter.ForkedBooter.main(ForkedBooter.java:75)
</failure>
  </testcase>
  <testcase classname="com.SeleniumTest.Automation.TestNG_DP" name="loginTest" time="0.004">
    <failure message="The driver executable must exist: C:\MY_WORKS\Framework\Drivers\chromedriver.exe" type="java.lang.IllegalStateException">java.lang.IllegalStateException: The driver executable must exist: C:\MY_WORKS\Framework\Drivers\chromedriver.exe
	at org.openqa.selenium.internal.Require$FileStateChecker.isFile(Require.java:345)
	at org.openqa.selenium.remote.service.DriverFinder.getPath(DriverFinder.java:39)
	at org.openqa.selenium.chrome.ChromeDriver.generateExecutor(ChromeDriver.java:98)
	at org.openqa.selenium.chrome.ChromeDriver.&lt;init&gt;(ChromeDriver.java:88)
	at org.openqa.selenium.chrome.ChromeDriver.&lt;init&gt;(ChromeDriver.java:84)
	at org.openqa.selenium.chrome.ChromeDriver.&lt;init&gt;(ChromeDriver.java:52)
	at com.SeleniumTest.Automation.TestNG_DP.loginTest(TestNG_DP.java:27)
</failure>
  </testcase>
  <testcase classname="com.SeleniumTest.Automation.TestNG_DP" name="loginTest" time="0.003">
    <failure message="The driver executable must exist: C:\MY_WORKS\Framework\Drivers\chromedriver.exe" type="java.lang.IllegalStateException">java.lang.IllegalStateException: The driver executable must exist: C:\MY_WORKS\Framework\Drivers\chromedriver.exe
	at org.openqa.selenium.internal.Require$FileStateChecker.isFile(Require.java:345)
	at org.openqa.selenium.remote.service.DriverFinder.getPath(DriverFinder.java:39)
	at org.openqa.selenium.chrome.ChromeDriver.generateExecutor(ChromeDriver.java:98)
	at org.openqa.selenium.chrome.ChromeDriver.&lt;init&gt;(ChromeDriver.java:88)
	at org.openqa.selenium.chrome.ChromeDriver.&lt;init&gt;(ChromeDriver.java:84)
	at org.openqa.selenium.chrome.ChromeDriver.&lt;init&gt;(ChromeDriver.java:52)
	at com.SeleniumTest.Automation.TestNG_DP.loginTest(TestNG_DP.java:27)
</failure>
  </testcase>
  <testcase classname="com.SeleniumTest.Automation.TestNG_DP" name="loginTest" time="0.003">
    <failure message="The driver executable must exist: C:\MY_WORKS\Framework\Drivers\chromedriver.exe" type="java.lang.IllegalStateException">java.lang.IllegalStateException: The driver executable must exist: C:\MY_WORKS\Framework\Drivers\chromedriver.exe
	at org.openqa.selenium.internal.Require$FileStateChecker.isFile(Require.java:345)
	at org.openqa.selenium.remote.service.DriverFinder.getPath(DriverFinder.java:39)
	at org.openqa.selenium.chrome.ChromeDriver.generateExecutor(ChromeDriver.java:98)
	at org.openqa.selenium.chrome.ChromeDriver.&lt;init&gt;(ChromeDriver.java:88)
	at org.openqa.selenium.chrome.ChromeDriver.&lt;init&gt;(ChromeDriver.java:84)
	at org.openqa.selenium.chrome.ChromeDriver.&lt;init&gt;(ChromeDriver.java:52)
	at com.SeleniumTest.Automation.TestNG_DP.loginTest(TestNG_DP.java:27)
</failure>
  </testcase>
  <testcase classname="com.SeleniumTest.Automation.TestNG_DP" name="loginTest" time="0.003">
    <failure message="The driver executable must exist: C:\MY_WORKS\Framework\Drivers\chromedriver.exe" type="java.lang.IllegalStateException">java.lang.IllegalStateException: The driver executable must exist: C:\MY_WORKS\Framework\Drivers\chromedriver.exe
	at org.openqa.selenium.internal.Require$FileStateChecker.isFile(Require.java:345)
	at org.openqa.selenium.remote.service.DriverFinder.getPath(DriverFinder.java:39)
	at org.openqa.selenium.chrome.ChromeDriver.generateExecutor(ChromeDriver.java:98)
	at org.openqa.selenium.chrome.ChromeDriver.&lt;init&gt;(ChromeDriver.java:88)
	at org.openqa.selenium.chrome.ChromeDriver.&lt;init&gt;(ChromeDriver.java:84)
	at org.openqa.selenium.chrome.ChromeDriver.&lt;init&gt;(ChromeDriver.java:52)
	at com.SeleniumTest.Automation.TestNG_DP.loginTest(TestNG_DP.java:27)
</failure>
  </testcase>
</testsuite>